[    1433ms] [ERROR] Failed to load resource: the server responded with a status of 503 () @ https://ref.digital/_nuxt/BDP8dd4B.js:0
[    8011ms] [ERROR] TypeError: Cannot read properties of undefined (reading 'then')
    at https://ref.digital/_nuxt/J-vu-n4P.js:1:4718
    at Gl (https://ref.digital/_nuxt/Di1k8qmP.js:14:38)
    at Mr (https://ref.digital/_nuxt/Di1k8qmP.js:14:109)
    at a.call (https://ref.digital/_nuxt/Di1k8qmP.js:15:29315)
    at g (https://ref.digital/_nuxt/Di1k8qmP.js:10:16090)
    at Gl (https://ref.digital/_nuxt/Di1k8qmP.js:14:46)
    at _v (https://ref.digital/_nuxt/Di1k8qmP.js:14:1799) @ https://ref.digital/_nuxt/Di1k8qmP.js:13
[   66054ms] [ERROR] Failed to load resource: net::ERR_QUIC_PROTOCOL_ERROR @ https://ref.digital/cdn-cgi/media/mode=video,width=1440,height=810/https://a.storyblok.com/f/285561750510308/x/d8259d9389/ref_mission2035_04-assets-carousel.mp4:0
[   66055ms] [ERROR] Failed to load resource: net::ERR_QUIC_PROTOCOL_ERROR @ https://ref.digital/cdn-cgi/media/mode=video,width=1440,height=810/https://a.storyblok.com/f/285561750510308/x/fea6ec7f23/02-2_halo-features_low.mp4:0
[   66396ms] [ERROR] Failed to load resource: net::ERR_INTERNET_DISCONNECTED @ https://ref.digital/cdn-cgi/media/mode=video,width=1440,height=810/https://a.storyblok.com/f/285561750510308/x/d8259d9389/ref_mission2035_04-assets-carousel.mp4:0
[   66397ms] [ERROR] Failed to load resource: net::ERR_INTERNET_DISCONNECTED @ https://ref.digital/cdn-cgi/media/mode=video,width=1440,height=810/https://a.storyblok.com/f/285561750510308/x/fea6ec7f23/02-2_halo-features_low.mp4:0
[   66768ms] [ERROR] Failed to load resource: net::ERR_INTERNET_DISCONNECTED @ https://ref.digital/cdn-cgi/media/mode=video,width=1440,height=810/https://a.storyblok.com/f/285561750510308/x/fea6ec7f23/02-2_halo-features_low.mp4:0
[   66769ms] [ERROR] Failed to load resource: net::ERR_INTERNET_DISCONNECTED @ https://ref.digital/cdn-cgi/media/mode=video,width=1440,height=810/https://a.storyblok.com/f/285561750510308/x/d8259d9389/ref_mission2035_04-assets-carousel.mp4:0
[   67175ms] [ERROR] Failed to load resource: net::ERR_INTERNET_DISCONNECTED @ https://ref.digital/cdn-cgi/media/mode=video,width=1440,height=810/https://a.storyblok.com/f/285561750510308/x/fea6ec7f23/02-2_halo-features_low.mp4:0
[   67176ms] [ERROR] Failed to load resource: net::ERR_INTERNET_DISCONNECTED @ https://ref.digital/cdn-cgi/media/mode=video,width=1440,height=810/https://a.storyblok.com/f/285561750510308/x/d8259d9389/ref_mission2035_04-assets-carousel.mp4:0
[   67629ms] [ERROR] Failed to load resource: net::ERR_INTERNET_DISCONNECTED @ https://ref.digital/cdn-cgi/media/mode=video,width=1440,height=810/https://a.storyblok.com/f/285561750510308/x/fea6ec7f23/02-2_halo-features_low.mp4:0
[   67630ms] [ERROR] Failed to load resource: net::ERR_INTERNET_DISCONNECTED @ https://ref.digital/cdn-cgi/media/mode=video,width=1440,height=810/https://a.storyblok.com/f/285561750510308/x/d8259d9389/ref_mission2035_04-assets-carousel.mp4:0
[   68133ms] [ERROR] Failed to load resource: net::ERR_INTERNET_DISCONNECTED @ https://ref.digital/cdn-cgi/media/mode=video,width=1440,height=810/https://a.storyblok.com/f/285561750510308/x/d8259d9389/ref_mission2035_04-assets-carousel.mp4:0
[   68134ms] [ERROR] Failed to load resource: net::ERR_INTERNET_DISCONNECTED @ https://ref.digital/cdn-cgi/media/mode=video,width=1440,height=810/https://a.storyblok.com/f/285561750510308/x/fea6ec7f23/02-2_halo-features_low.mp4:0
[   68686ms] [ERROR] Failed to load resource: net::ERR_INTERNET_DISCONNECTED @ https://ref.digital/cdn-cgi/media/mode=video,width=1440,height=810/https://a.storyblok.com/f/285561750510308/x/fea6ec7f23/02-2_halo-features_low.mp4:0
[   68687ms] [ERROR] Failed to load resource: net::ERR_INTERNET_DISCONNECTED @ https://ref.digital/cdn-cgi/media/mode=video,width=1440,height=810/https://a.storyblok.com/f/285561750510308/x/d8259d9389/ref_mission2035_04-assets-carousel.mp4:0
[   69291ms] [ERROR] Failed to load resource: net::ERR_INTERNET_DISCONNECTED @ https://ref.digital/cdn-cgi/media/mode=video,width=1440,height=810/https://a.storyblok.com/f/285561750510308/x/d8259d9389/ref_mission2035_04-assets-carousel.mp4:0
[   69297ms] [ERROR] Failed to load resource: net::ERR_INTERNET_DISCONNECTED @ https://ref.digital/cdn-cgi/media/mode=video,width=1440,height=810/https://a.storyblok.com/f/285561750510308/x/fea6ec7f23/02-2_halo-features_low.mp4:0
[   69946ms] [ERROR] Failed to load resource: net::ERR_INTERNET_DISCONNECTED @ https://ref.digital/cdn-cgi/media/mode=video,width=1440,height=810/https://a.storyblok.com/f/285561750510308/x/d8259d9389/ref_mission2035_04-assets-carousel.mp4:0
[   69954ms] [ERROR] Failed to load resource: net::ERR_INTERNET_DISCONNECTED @ https://ref.digital/cdn-cgi/media/mode=video,width=1440,height=810/https://a.storyblok.com/f/285561750510308/x/fea6ec7f23/02-2_halo-features_low.mp4:0
[   70654ms] [ERROR] Failed to load resource: net::ERR_INTERNET_DISCONNECTED @ https://ref.digital/cdn-cgi/media/mode=video,width=1440,height=810/https://a.storyblok.com/f/285561750510308/x/d8259d9389/ref_mission2035_04-assets-carousel.mp4:0
[   70660ms] [ERROR] Failed to load resource: net::ERR_INTERNET_DISCONNECTED @ https://ref.digital/cdn-cgi/media/mode=video,width=1440,height=810/https://a.storyblok.com/f/285561750510308/x/fea6ec7f23/02-2_halo-features_low.mp4:0
[   71417ms] [ERROR] Failed to load resource: net::ERR_INTERNET_DISCONNECTED @ https://ref.digital/cdn-cgi/media/mode=video,width=1440,height=810/https://a.storyblok.com/f/285561750510308/x/d8259d9389/ref_mission2035_04-assets-carousel.mp4:0
[   71418ms] [ERROR] Failed to load resource: net::ERR_INTERNET_DISCONNECTED @ https://ref.digital/cdn-cgi/media/mode=video,width=1440,height=810/https://a.storyblok.com/f/285561750510308/x/fea6ec7f23/02-2_halo-features_low.mp4:0
[   72226ms] [ERROR] Failed to load resource: net::ERR_INTERNET_DISCONNECTED @ https://ref.digital/cdn-cgi/media/mode=video,width=1440,height=810/https://a.storyblok.com/f/285561750510308/x/d8259d9389/ref_mission2035_04-assets-carousel.mp4:0
[   72226ms] [ERROR] Failed to load resource: net::ERR_INTERNET_DISCONNECTED @ https://ref.digital/cdn-cgi/media/mode=video,width=1440,height=810/https://a.storyblok.com/f/285561750510308/x/fea6ec7f23/02-2_halo-features_low.mp4:0
[   73083ms] [ERROR] Failed to load resource: net::ERR_INTERNET_DISCONNECTED @ https://ref.digital/cdn-cgi/media/mode=video,width=1440,height=810/https://a.storyblok.com/f/285561750510308/x/d8259d9389/ref_mission2035_04-assets-carousel.mp4:0
[   73084ms] [ERROR] Failed to load resource: net::ERR_INTERNET_DISCONNECTED @ https://ref.digital/cdn-cgi/media/mode=video,width=1440,height=810/https://a.storyblok.com/f/285561750510308/x/fea6ec7f23/02-2_halo-features_low.mp4:0
[   73987ms] [ERROR] Failed to load resource: net::ERR_INTERNET_DISCONNECTED @ https://ref.digital/cdn-cgi/media/mode=video,width=1440,height=810/https://a.storyblok.com/f/285561750510308/x/d8259d9389/ref_mission2035_04-assets-carousel.mp4:0
[   73988ms] [ERROR] Failed to load resource: net::ERR_INTERNET_DISCONNECTED @ https://ref.digital/cdn-cgi/media/mode=video,width=1440,height=810/https://a.storyblok.com/f/285561750510308/x/fea6ec7f23/02-2_halo-features_low.mp4:0
[  882243ms] [ERROR] Failed to load resource: net::ERR_NAME_NOT_RESOLVED @ https://ref.digital/cdn-cgi/media/mode=video,width=1440,height=810/https://a.storyblok.com/f/285561750510308/x/d8259d9389/ref_mission2035_04-assets-carousel.mp4:0
[  882552ms] [ERROR] Failed to load resource: net::ERR_NAME_NOT_RESOLVED @ https://ref.digital/cdn-cgi/media/mode=video,width=1440,height=810/https://a.storyblok.com/f/285561750510308/x/d8259d9389/ref_mission2035_04-assets-carousel.mp4:0
[  882911ms] [ERROR] Failed to load resource: net::ERR_NAME_NOT_RESOLVED @ https://ref.digital/cdn-cgi/media/mode=video,width=1440,height=810/https://a.storyblok.com/f/285561750510308/x/d8259d9389/ref_mission2035_04-assets-carousel.mp4:0
[  883317ms] [ERROR] Failed to load resource: net::ERR_NAME_NOT_RESOLVED @ https://ref.digital/cdn-cgi/media/mode=video,width=1440,height=810/https://a.storyblok.com/f/285561750510308/x/d8259d9389/ref_mission2035_04-assets-carousel.mp4:0
[  883777ms] [ERROR] Failed to load resource: net::ERR_NAME_NOT_RESOLVED @ https://ref.digital/cdn-cgi/media/mode=video,width=1440,height=810/https://a.storyblok.com/f/285561750510308/x/d8259d9389/ref_mission2035_04-assets-carousel.mp4:0
[  884281ms] [ERROR] Failed to load resource: net::ERR_NAME_NOT_RESOLVED @ https://ref.digital/cdn-cgi/media/mode=video,width=1440,height=810/https://a.storyblok.com/f/285561750510308/x/d8259d9389/ref_mission2035_04-assets-carousel.mp4:0
[  884834ms] [ERROR] Failed to load resource: net::ERR_NAME_NOT_RESOLVED @ https://ref.digital/cdn-cgi/media/mode=video,width=1440,height=810/https://a.storyblok.com/f/285561750510308/x/d8259d9389/ref_mission2035_04-assets-carousel.mp4:0
[  885437ms] [ERROR] Failed to load resource: net::ERR_NAME_NOT_RESOLVED @ https://ref.digital/cdn-cgi/media/mode=video,width=1440,height=810/https://a.storyblok.com/f/285561750510308/x/d8259d9389/ref_mission2035_04-assets-carousel.mp4:0
[  886110ms] [ERROR] Failed to load resource: net::ERR_NAME_NOT_RESOLVED @ https://ref.digital/cdn-cgi/media/mode=video,width=1440,height=810/https://a.storyblok.com/f/285561750510308/x/d8259d9389/ref_mission2035_04-assets-carousel.mp4:0
[  886821ms] [ERROR] Failed to load resource: net::ERR_NAME_NOT_RESOLVED @ https://ref.digital/cdn-cgi/media/mode=video,width=1440,height=810/https://a.storyblok.com/f/285561750510308/x/d8259d9389/ref_mission2035_04-assets-carousel.mp4:0
[  887574ms] [ERROR] Failed to load resource: net::ERR_NAME_NOT_RESOLVED @ https://ref.digital/cdn-cgi/media/mode=video,width=1440,height=810/https://a.storyblok.com/f/285561750510308/x/d8259d9389/ref_mission2035_04-assets-carousel.mp4:0
[  888381ms] [ERROR] Failed to load resource: net::ERR_NAME_NOT_RESOLVED @ https://ref.digital/cdn-cgi/media/mode=video,width=1440,height=810/https://a.storyblok.com/f/285561750510308/x/d8259d9389/ref_mission2035_04-assets-carousel.mp4:0
[  889234ms] [ERROR] Failed to load resource: net::ERR_NAME_NOT_RESOLVED @ https://ref.digital/cdn-cgi/media/mode=video,width=1440,height=810/https://a.storyblok.com/f/285561750510308/x/d8259d9389/ref_mission2035_04-assets-carousel.mp4:0
[  890137ms] [ERROR] Failed to load resource: net::ERR_NAME_NOT_RESOLVED @ https://ref.digital/cdn-cgi/media/mode=video,width=1440,height=810/https://a.storyblok.com/f/285561750510308/x/d8259d9389/ref_mission2035_04-assets-carousel.mp4:0
[  891090ms] [ERROR] Failed to load resource: net::ERR_NAME_NOT_RESOLVED @ https://ref.digital/cdn-cgi/media/mode=video,width=1440,height=810/https://a.storyblok.com/f/285561750510308/x/d8259d9389/ref_mission2035_04-assets-carousel.mp4:0
[  892096ms] [ERROR] Failed to load resource: net::ERR_NAME_NOT_RESOLVED @ https://ref.digital/cdn-cgi/media/mode=video,width=1440,height=810/https://a.storyblok.com/f/285561750510308/x/d8259d9389/ref_mission2035_04-assets-carousel.mp4:0
[  893150ms] [ERROR] Failed to load resource: net::ERR_NAME_NOT_RESOLVED @ https://ref.digital/cdn-cgi/media/mode=video,width=1440,height=810/https://a.storyblok.com/f/285561750510308/x/d8259d9389/ref_mission2035_04-assets-carousel.mp4:0
[  894257ms] [ERROR] Failed to load resource: net::ERR_NAME_NOT_RESOLVED @ https://ref.digital/cdn-cgi/media/mode=video,width=1440,height=810/https://a.storyblok.com/f/285561750510308/x/d8259d9389/ref_mission2035_04-assets-carousel.mp4:0
[  895412ms] [ERROR] Failed to load resource: net::ERR_NAME_NOT_RESOLVED @ https://ref.digital/cdn-cgi/media/mode=video,width=1440,height=810/https://a.storyblok.com/f/285561750510308/x/d8259d9389/ref_mission2035_04-assets-carousel.mp4:0
[  896622ms] [ERROR] Failed to load resource: net::ERR_NAME_NOT_RESOLVED @ https://ref.digital/cdn-cgi/media/mode=video,width=1440,height=810/https://a.storyblok.com/f/285561750510308/x/d8259d9389/ref_mission2035_04-assets-carousel.mp4:0
[  897875ms] [ERROR] Failed to load resource: net::ERR_NAME_NOT_RESOLVED @ https://ref.digital/cdn-cgi/media/mode=video,width=1440,height=810/https://a.storyblok.com/f/285561750510308/x/d8259d9389/ref_mission2035_04-assets-carousel.mp4:0
[  899180ms] [ERROR] Failed to load resource: net::ERR_NAME_NOT_RESOLVED @ https://ref.digital/cdn-cgi/media/mode=video,width=1440,height=810/https://a.storyblok.com/f/285561750510308/x/d8259d9389/ref_mission2035_04-assets-carousel.mp4:0
[  900550ms] [ERROR] Failed to load resource: net::ERR_INTERNET_DISCONNECTED @ https://ref.digital/cdn-cgi/media/mode=video,width=1440,height=810/https://a.storyblok.com/f/285561750510308/x/d8259d9389/ref_mission2035_04-assets-carousel.mp4:0
[  901981ms] [ERROR] Failed to load resource: net::ERR_INTERNET_DISCONNECTED @ https://ref.digital/cdn-cgi/media/mode=video,width=1440,height=810/https://a.storyblok.com/f/285561750510308/x/d8259d9389/ref_mission2035_04-assets-carousel.mp4:0
[ 1020992ms] [ERROR] Failed to load resource: net::ERR_INTERNET_DISCONNECTED @ https://ref.digital/cdn-cgi/media/mode=video,width=1440,height=810/https://a.storyblok.com/f/285561750510308/x/d8259d9389/ref_mission2035_04-assets-carousel.mp4:0
[ 1139951ms] [ERROR] Failed to load resource: net::ERR_NETWORK_CHANGED @ https://ref.digital/cdn-cgi/media/mode=video,width=1440,height=810/https://a.storyblok.com/f/285561750510308/x/d8259d9389/ref_mission2035_04-assets-carousel.mp4:0
[ 1140124ms] [ERROR] Failed to load resource: net::ERR_QUIC_PROTOCOL_ERROR @ https://ref.digital/cdn-cgi/media/mode=video,width=1440,height=810/https://a.storyblok.com/f/285561750510308/x/fea6ec7f23/02-2_halo-features_low.mp4:0
[ 1140266ms] [ERROR] Failed to load resource: net::ERR_INTERNET_DISCONNECTED @ https://ref.digital/cdn-cgi/media/mode=video,width=1440,height=810/https://a.storyblok.com/f/285561750510308/x/d8259d9389/ref_mission2035_04-assets-carousel.mp4:0
[ 1140441ms] [ERROR] Failed to load resource: net::ERR_INTERNET_DISCONNECTED @ https://ref.digital/cdn-cgi/media/mode=video,width=1440,height=810/https://a.storyblok.com/f/285561750510308/x/fea6ec7f23/02-2_halo-features_low.mp4:0
[ 1140624ms] [ERROR] Failed to load resource: net::ERR_INTERNET_DISCONNECTED @ https://ref.digital/cdn-cgi/media/mode=video,width=1440,height=810/https://a.storyblok.com/f/285561750510308/x/d8259d9389/ref_mission2035_04-assets-carousel.mp4:0
[ 1140803ms] [ERROR] Failed to load resource: net::ERR_INTERNET_DISCONNECTED @ https://ref.digital/cdn-cgi/media/mode=video,width=1440,height=810/https://a.storyblok.com/f/285561750510308/x/fea6ec7f23/02-2_halo-features_low.mp4:0
[ 1141030ms] [ERROR] Failed to load resource: net::ERR_INTERNET_DISCONNECTED @ https://ref.digital/cdn-cgi/media/mode=video,width=1440,height=810/https://a.storyblok.com/f/285561750510308/x/d8259d9389/ref_mission2035_04-assets-carousel.mp4:0
[ 1141211ms] [ERROR] Failed to load resource: net::ERR_INTERNET_DISCONNECTED @ https://ref.digital/cdn-cgi/media/mode=video,width=1440,height=810/https://a.storyblok.com/f/285561750510308/x/fea6ec7f23/02-2_halo-features_low.mp4:0
[ 1141493ms] [ERROR] Failed to load resource: net::ERR_INTERNET_DISCONNECTED @ https://ref.digital/cdn-cgi/media/mode=video,width=1440,height=810/https://a.storyblok.com/f/285561750510308/x/d8259d9389/ref_mission2035_04-assets-carousel.mp4:0
[ 1141692ms] [ERROR] Failed to load resource: net::ERR_INTERNET_DISCONNECTED @ https://ref.digital/cdn-cgi/media/mode=video,width=1440,height=810/https://a.storyblok.com/f/285561750510308/x/fea6ec7f23/02-2_halo-features_low.mp4:0
[ 1142005ms] [ERROR] Failed to load resource: net::ERR_INTERNET_DISCONNECTED @ https://ref.digital/cdn-cgi/media/mode=video,width=1440,height=810/https://a.storyblok.com/f/285561750510308/x/d8259d9389/ref_mission2035_04-assets-carousel.mp4:0
[ 1142195ms] [ERROR] Failed to load resource: net::ERR_INTERNET_DISCONNECTED @ https://ref.digital/cdn-cgi/media/mode=video,width=1440,height=810/https://a.storyblok.com/f/285561750510308/x/fea6ec7f23/02-2_halo-features_low.mp4:0
[ 1142561ms] [ERROR] Failed to load resource: net::ERR_INTERNET_DISCONNECTED @ https://ref.digital/cdn-cgi/media/mode=video,width=1440,height=810/https://a.storyblok.com/f/285561750510308/x/d8259d9389/ref_mission2035_04-assets-carousel.mp4:0
[ 1142752ms] [ERROR] Failed to load resource: net::ERR_INTERNET_DISCONNECTED @ https://ref.digital/cdn-cgi/media/mode=video,width=1440,height=810/https://a.storyblok.com/f/285561750510308/x/fea6ec7f23/02-2_halo-features_low.mp4:0
[ 1143179ms] [ERROR] Failed to load resource: net::ERR_INTERNET_DISCONNECTED @ https://ref.digital/cdn-cgi/media/mode=video,width=1440,height=810/https://a.storyblok.com/f/285561750510308/x/d8259d9389/ref_mission2035_04-assets-carousel.mp4:0
[ 1143359ms] [ERROR] Failed to load resource: net::ERR_INTERNET_DISCONNECTED @ https://ref.digital/cdn-cgi/media/mode=video,width=1440,height=810/https://a.storyblok.com/f/285561750510308/x/fea6ec7f23/02-2_halo-features_low.mp4:0
[ 1143840ms] [ERROR] Failed to load resource: net::ERR_INTERNET_DISCONNECTED @ https://ref.digital/cdn-cgi/media/mode=video,width=1440,height=810/https://a.storyblok.com/f/285561750510308/x/d8259d9389/ref_mission2035_04-assets-carousel.mp4:0
[ 1144026ms] [ERROR] Failed to load resource: net::ERR_INTERNET_DISCONNECTED @ https://ref.digital/cdn-cgi/media/mode=video,width=1440,height=810/https://a.storyblok.com/f/285561750510308/x/fea6ec7f23/02-2_halo-features_low.mp4:0
[ 1144546ms] [ERROR] Failed to load resource: net::ERR_INTERNET_DISCONNECTED @ https://ref.digital/cdn-cgi/media/mode=video,width=1440,height=810/https://a.storyblok.com/f/285561750510308/x/d8259d9389/ref_mission2035_04-assets-carousel.mp4:0
[ 1144739ms] [ERROR] Failed to load resource: net::ERR_INTERNET_DISCONNECTED @ https://ref.digital/cdn-cgi/media/mode=video,width=1440,height=810/https://a.storyblok.com/f/285561750510308/x/fea6ec7f23/02-2_halo-features_low.mp4:0
